<?xml version="1.0" encoding="UTF-8"?>
<!-- Generated by org.testng.reporters.JUnitReportReporter -->
<testsuite hostname="ip-172-31-29-245" failures="0" tests="1" name="stepDefinition.testNG" time="58.727" errors="0" timestamp="25 Feb 2023 06:58:51 GMT" skipped="0">
  <testcase classname="stepDefinition.testNG" name="pizzaAddItemToBasketFlow" time="58.727"/>
</testsuite> <!-- stepDefinition.testNG -->
